app/build/outputs/logs/manifest-merger-debug-report.txt
-- Merging decision tree log ---
manifest
ADDED from src\main\AndroidManifest.xml:2:1-80:12
INJECTED from src\main\AndroidManifest.xml:2:1-80:12
INJECTED from src\main\AndroidManifest.xml:2:1-80:12
INJECTED from src\main\AndroidManifest.xml:2:1-80:12
MERGED from [androidx.navigation:navigation-fragment-ktx:2.3.0] AndroidManifest.xml:17:1-24:12
MERGED from [androidx.fragment:fragment-ktx:1.3.0-alpha06] AndroidManifest.xml:17:1-24:12
MERGED from [androidx.navigation:navigation-ui-ktx:2.3.0] AndroidManifest.xml:17:1-24:12
MERGED from [androidx.navigation:navigation-runtime-ktx:2.3.0] AndroidManifest.xml:17:1-24:12
MERGED from [androidx.activity:activity-ktx:1.2.0-alpha06] AndroidManifest.xml:17:1-24:12
MERGED from [androidx.navigation:navigation-common-ktx:2.3.0] AndroidManifest.xml:17:1-24:12
MERGED from [androidx.core:core-ktx:1.3.0] AndroidManifest.xml:2:1-9:12
MERGED from [dev.chrisbanes:insetter-ktx:0.3.0] AndroidManifest.xml:17:1-22:12
MERGED from [com.joaomgcd:taskerpluginlibrary:0.3.2] AndroidManifest.xml:2:1-49:12
MERGED from [androidx.lifecycle:lifecycle-livedata-core-ktx:2.3.0-alpha04] AndroidManifest.xml:17:1-24:12
MERGED from [androidx.lifecycle:lifecycle-viewmodel-ktx:2.3.0-alpha04] AndroidManifest.xml:17:1-24:12
MERGED from [androidx.lifecycle:lifecycle-runtime-ktx:2.3.0-alpha04] AndroidManifest.xml:17:1-24:12
MERGED from [androidx.navigation:navigation-ui:2.3.0] AndroidManifest.xml:17:1-24:12
MERGED from [com.google.android.material:material:1.2.0] AndroidManifest.xml:17:1-24:12
MERGED from [androidx.preference:preference:1.1.1] AndroidManifest.xml:17:1-24:12
MERGED from [com.google.android.gms:play-services-oss-licenses:17.0.0] AndroidManifest.xml:17:1-29:12
MERGED from [androidx.appcompat:appcompat:1.1.0] AndroidManifest.xml:17:1-24:12
MERGED from [androidx.constraintlayout:constraintlayout:1.1.3] AndroidManifest.xml:2:1-11:12
MERGED from [androidx.legacy:legacy-support-v4:1.0.0] AndroidManifest.xml:17:1-22:12
MERGED from [androidx.legacy:legacy-support-core-ui:1.0.0] AndroidManifest.xml:17:1-22:12
MERGED from [androidx.swiperefreshlayout:swiperefreshlayout:1.0.0] AndroidManifest.xml:17:1-22:12
MERGED from [com.github.topjohnwu.libsu:core:2.5.1] AndroidManifest.xml:2:1-9:12
MERGED from [com.squareup.picasso:picasso:2.71828] AndroidManifest.xml:2:1-14:12
MERGED from [androidx.browser:browser:1.2.0] AndroidManifest.xml:17:1-24:12
MERGED from [org.tensorflow:tensorflow-lite:0.0.0-nightly] AndroidManifest.xml:2:1-12:12
MERGED from [androidx.appcompat:appcompat-resources:1.1.0] AndroidManifest.xml:17:1-24:12
MERGED from [androidx.navigation:navigation-fragment:2.3.0] AndroidManifest.xml:17:1-24:12
MERGED from [androidx.viewpager2:viewpager2:1.0.0] AndroidManifest.xml:17:1-24:12
MERGED from [com.google.android.gms:play-services-base:17.0.0] AndroidManifest.xml:17:1-29:12
MERGED from [com.google.android.gms:play-services-tasks:17.0.0] AndroidManifest.xml:2:1-9:12
MERGED from [com.google.android.gms:play-services-basement:17.0.0] AndroidManifest.xml:17:1-28:12
MERGED from [androidx.fragment:fragment:1.3.0-alpha06] AndroidManifest.xml:17:1-24:12
MERGED from [androidx.media:media:1.0.0] AndroidManifest.xml:17:1-22:12
MERGED from [androidx.legacy:legacy-support-core-utils:1.0.0] AndroidManifest.xml:17:1-22:12
MERGED from [androidx.coordinatorlayout:coordinatorlayout:1.1.0] AndroidManifest.xml:17:1-24:12
MERGED from [androidx.vectordrawable:vectordrawable-animated:1.1.0] AndroidManifest.xml:17:1-24:12
MERGED from [androidx.vectordrawable:vectordrawable:1.1.0] AndroidManifest.xml:17:1-24:12
MERGED from [dev.chrisbanes:insetter:0.3.0] AndroidManifest.xml:17:1-22:12
MERGED from [androidx.loader:loader:1.0.0] AndroidManifest.xml:17:1-22:12
MERGED from [androidx.viewpager:viewpager:1.0.0] AndroidManifest.xml:17:1-22:12
MERGED from [androidx.navigation:navigation-runtime:2.3.0] AndroidManifest.xml:17:1-24:12
MERGED from [androidx.activity:activity:1.2.0-alpha06] AndroidManifest.xml:17:1-24:12
MERGED from [androidx.slidingpanelayout:slidingpanelayout:1.0.0] AndroidManifest.xml:17:1-22:12
MERGED from [androidx.asynclayoutinflater:asynclayoutinflater:1.0.0] AndroidManifest.xml:17:1-22:12
MERGED from [androidx.drawerlayout:drawerlayout:1.1.0] AndroidManifest.xml:17:1-24:12
MERGED from [androidx.recyclerview:recyclerview:1.1.0] AndroidManifest.xml:17:1-24:12
MERGED from [androidx.customview:customview:1.1.0] AndroidManifest.xml:17:1-24:12
MERGED from [androidx.transition:transition:1.3.0] AndroidManifest.xml:17:1-24:12
MERGED from [androidx.navigation:navigation-common:2.3.0] AndroidManifest.xml:17:1-24:12
MERGED from [androidx.core:core:1.3.0] AndroidManifest.xml:17:1-26:12
MERGED from [androidx.cursoradapter:cursoradapter:1.0.0] AndroidManifest.xml:17:1-22:12
MERGED from [androidx.interpolator:interpolator:1.0.0] AndroidManifest.xml:17:1-22:12
MERGED from [androidx.cardview:cardview:1.0.0] AndroidManifest.xml:17:1-22:12
MERGED from [androidx.exifinterface:exifinterface:1.0.0] AndroidManifest.xml:17:1-22:12
MERGED from [androidx.versionedparcelable:versionedparcelable:1.1.0] AndroidManifest.xml:17:1-27:12
MERGED from [androidx.lifecycle:lifecycle-viewmodel-savedstate:2.3.0-alpha04] AndroidManifest.xml:17:1-24:12
MERGED from [androidx.lifecycle:lifecycle-viewmodel:2.3.0-alpha04] AndroidManifest.xml:17:1-24:12
MERGED from [androidx.savedstate:savedstate:1.1.0-alpha01] AndroidManifest.xml:17:1-24:12
MERGED from [androidx.documentfile:documentfile:1.0.0] AndroidManifest.xml:17:1-22:12
MERGED from [androidx.localbroadcastmanager:localbroadcastmanager:1.0.0] AndroidManifest.xml:17:1-22:12
MERGED from [androidx.print:print:1.0.0] AndroidManifest.xml:17:1-22:12
MERGED from [androidx.lifecycle:lifecycle-runtime:2.3.0-alpha04] AndroidManifest.xml:17:1-24:12
MERGED from [androidx.lifecycle:lifecycle-livedata:2.0.0] AndroidManifest.xml:17:1-22:12
MERGED from [androidx.lifecycle:lifecycle-livedata-core:2.3.0-alpha04] AndroidManifest.xml:17:1-24:12
MERGED from [androidx.arch.core:core-runtime:2.1.0] AndroidManifest.xml:17:1-24:12
MERGED from [androidx.annotation:annotation-experimental:1.0.0] AndroidManifest.xml:17:1-24:12
INJECTED from src\main\AndroidManifest.xml:2:1-80:12
INJECTED from src\main\AndroidManifest.xml:2:1-80:12
INJECTED from src\main\AndroidManifest.xml:2:1-80:12
	package
		ADDED from src\main\AndroidManifest.xml:3:5-41
		INJECTED from src\main\AndroidManifest.xml
		INJECTED from src\main\AndroidManifest.xml
	android:versionName
		INJECTED from src\main\AndroidManifest.xml
		ADDED from src\main\AndroidManifest.xml:2:1-80:12
		INJECTED from src\main\AndroidManifest.xml
	android:versionCode
		INJECTED from src\main\AndroidManifest.xml
		ADDED from src\main\AndroidManifest.xml:2:1-80:12
		INJECTED from src\main\AndroidManifest.xml
	xmlns:android
		ADDED from src\main\AndroidManifest.xml:2:11-69
uses-permission#android.permission.BLUETOOTH
ADDED from src\main\AndroidManifest.xml:5:5-68
	android:name
		ADDED from src\main\AndroidManifest.xml:5:22-65
uses-permission#android.permission.DISABLE_KEYGUARD
ADDED from src\main\AndroidManifest.xml:6:5-75
	android:name
		ADDED from src\main\AndroidManifest.xml:6:22-72
uses-permission#android.permission.WAKE_LOCK
ADDED from src\main\AndroidManifest.xml:7:5-68
	android:name
		ADDED from src\main\AndroidManifest.xml:7:22-65
uses-permission#android.permission.VIBRATE
ADDED from src\main\AndroidManifest.xml:8:5-66
	android:name
		ADDED from src\main\AndroidManifest.xml:8:22-63
uses-permission#android.permission.CAMERA
ADDED from src\main\AndroidManifest.xml:9:5-65
	android:name
		ADDED from src\main\AndroidManifest.xml:9:22-62
uses-permission#android.permission.FOREGROUND_SERVICE
ADDED from src\main\AndroidManifest.xml:10:5-77
	android:name
		ADDED from src\main\AndroidManifest.xml:10:22-74
uses-permission#android.permission.CALL_PHONE
ADDED from src\main\AndroidManifest.xml:11:5-69
	android:name
		ADDED from src\main\AndroidManifest.xml:11:22-66
uses-permission#net.dinglisch.android.tasker.PERMISSION_RUN_TASKS
ADDED from src\main\AndroidManifest.xml:12:5-89
	android:name
		ADDED from src\main\AndroidManifest.xml:12:22-86
uses-permission#android.permission.REQUEST_IGNORE_BATTERY_OPTIMIZATIONS
ADDED from src\main\AndroidManifest.xml:13:5-95
	android:name
		ADDED from src\main\AndroidManifest.xml:13:22-92
uses-permission#android.permission.BLUETOOTH_ADMIN
ADDED from src\main\AndroidManifest.xml:15:5-74
	android:name
		ADDED from src\main\AndroidManifest.xml:15:22-71
application
ADDED from src\main\AndroidManifest.xml:17:5-78:19
MERGED from [com.joaomgcd:taskerpluginlibrary:0.3.2] AndroidManifest.xml:12:5-47:19
MERGED from [com.joaomgcd:taskerpluginlibrary:0.3.2] AndroidManifest.xml:12:5-47:19
MERGED from [com.google.android.material:material:1.2.0] AndroidManifest.xml:22:5-20
MERGED from [com.google.android.material:material:1.2.0] AndroidManifest.xml:22:5-20
MERGED from [com.google.android.gms:play-services-oss-licenses:17.0.0] AndroidManifest.xml:22:5-27:19
MERGED from [com.google.android.gms:play-services-oss-licenses:17.0.0] AndroidManifest.xml:22:5-27:19
MERGED from [androidx.constraintlayout:constraintlayout:1.1.3] AndroidManifest.xml:9:5-20
MERGED from [androidx.constraintlayout:constraintlayout:1.1.3] AndroidManifest.xml:9:5-20
MERGED from [com.squareup.picasso:picasso:2.71828] AndroidManifest.xml:7:5-12:19
MERGED from [com.squareup.picasso:picasso:2.71828] AndroidManifest.xml:7:5-12:19
MERGED from [org.tensorflow:tensorflow-lite:0.0.0-nightly] AndroidManifest.xml:10:5-20
MERGED from [org.tensorflow:tensorflow-lite:0.0.0-nightly] AndroidManifest.xml:10:5-20
MERGED from [com.google.android.gms:play-services-base:17.0.0] AndroidManifest.xml:22:5-27:19
MERGED from [com.google.android.gms:play-services-base:17.0.0] AndroidManifest.xml:22:5-27:19
MERGED from [com.google.android.gms:play-services-tasks:17.0.0] AndroidManifest.xml:7:5-20
MERGED from [com.google.android.gms:play-services-tasks:17.0.0] AndroidManifest.xml:7:5-20
MERGED from [com.google.android.gms:play-services-basement:17.0.0] AndroidManifest.xml:22:5-26:19
MERGED from [com.google.android.gms:play-services-basement:17.0.0] AndroidManifest.xml:22:5-26:19
MERGED from [androidx.core:core:1.3.0] AndroidManifest.xml:24:5-89
MERGED from [androidx.core:core:1.3.0] AndroidManifest.xml:24:5-89
MERGED from [androidx.versionedparcelable:versionedparcelable:1.1.0] AndroidManifest.xml:24:5-25:19
MERGED from [androidx.versionedparcelable:versionedparcelable:1.1.0] AndroidManifest.xml:24:5-25:19
	android:appComponentFactory
		ADDED from [androidx.core:core:1.3.0] AndroidManifest.xml:24:18-86
	android:supportsRtl
		ADDED from src\main\AndroidManifest.xml:22:9-35
	android:label
		ADDED from src\main\AndroidManifest.xml:21:9-41
	android:icon
		ADDED from src\main\AndroidManifest.xml:20:9-43
	android:allowBackup
		ADDED from src\main\AndroidManifest.xml:19:9-35
	android:theme
		ADDED from src\main\AndroidManifest.xml:23:9-40
	android:name
		ADDED from src\main\AndroidManifest.xml:18:9-42
activity#com.kieronquinn.app.taptap.activities.equipment.sweeper
ADDED from src\main\AndroidManifest.xml:24:9-75
	android:name
		ADDED from src\main\AndroidManifest.xml:24:19-63
activity#com.kieronquinn.app.taptap.activities.equipment.audio
ADDED from src\main\AndroidManifest.xml:25:9-64
	android:name
		ADDED from src\main\AndroidManifest.xml:25:19-61
activity#com.kieronquinn.app.taptap.activities.equipment.television
ADDED from src\main\AndroidManifest.xml:26:9-69
	android:name
		ADDED from src\main\AndroidManifest.xml:26:19-66
activity#com.kieronquinn.app.taptap.activities.equipment.airConditioner
ADDED from src\main\AndroidManifest.xml:27:9-73
	android:name
		ADDED from src\main\AndroidManifest.xml:27:19-70
activity#com.kieronquinn.app.taptap.activities.equipment.fan
ADDED from src\main\AndroidManifest.xml:28:9-62
	android:name
		ADDED from src\main\AndroidManifest.xml:28:19-59
activity#com.kieronquinn.app.taptap.activities.MainActivity
ADDED from src\main\AndroidManifest.xml:29:9-35:20
	android:name
		ADDED from src\main\AndroidManifest.xml:29:19-58
intent-filter#action:name:android.intent.action.MAIN+category:name:android.intent.category.LAUNCHER
ADDED from src\main\AndroidManifest.xml:30:13-34:29
action#android.intent.action.MAIN
ADDED from src\main\AndroidManifest.xml:31:17-69
	android:name
		ADDED from src\main\AndroidManifest.xml:31:25-66
category#android.intent.category.LAUNCHER
ADDED from src\main\AndroidManifest.xml:33:17-77
	android:name
		ADDED from src\main\AndroidManifest.xml:33:27-74
activity#com.kieronquinn.app.taptap.activities.SettingsActivity
ADDED from src\main\AndroidManifest.xml:36:9-65
	android:name
		ADDED from src\main\AndroidManifest.xml:36:19-62
activity#com.kieronquinn.app.taptap.activities.WakeUpActivity
ADDED from src\main\AndroidManifest.xml:37:9-39:58
	android:theme
		ADDED from src\main\AndroidManifest.xml:39:13-55
	android:name
		ADDED from src\main\AndroidManifest.xml:38:13-54
activity#com.kieronquinn.app.taptap.activities.AppPickerActivity
ADDED from src\main\AndroidManifest.xml:40:9-66
	android:name
		ADDED from src\main\AndroidManifest.xml:40:19-63
service#com.kieronquinn.app.taptap.TapAccessibilityService
ADDED from src\main\AndroidManifest.xml:42:9-52:19
	android:permission
		ADDED from src\main\AndroidManifest.xml:44:13-79
	android:name
		ADDED from src\main\AndroidManifest.xml:43:13-52
intent-filter#action:name:android.accessibilityservice.AccessibilityService
ADDED from src\main\AndroidManifest.xml:45:13-47:29
action#android.accessibilityservice.AccessibilityService
ADDED from src\main\AndroidManifest.xml:46:17-92
	android:name
		ADDED from src\main\AndroidManifest.xml:46:25-89
meta-data#android.accessibilityservice
ADDED from src\main\AndroidManifest.xml:49:13-51:64
	android:resource
		ADDED from src\main\AndroidManifest.xml:51:17-61
	android:name
		ADDED from src\main\AndroidManifest.xml:50:17-60
provider#com.kieronquinn.app.taptap.providers.SharedPrefsProvider
ADDED from src\main\AndroidManifest.xml:54:9-58:50
	android:grantUriPermissions
		ADDED from src\main\AndroidManifest.xml:58:13-47
	android:authorities
		ADDED from src\main\AndroidManifest.xml:56:13-82
	android:exported
		ADDED from src\main\AndroidManifest.xml:57:13-37
	android:name
		ADDED from src\main\AndroidManifest.xml:55:13-58
activity#com.google.android.gms.oss.licenses.OssLicensesMenuActivity
ADDED from src\main\AndroidManifest.xml:60:9-62:66
MERGED from [com.google.android.gms:play-services-oss-licenses:17.0.0] AndroidManifest.xml:23:9-25:57
MERGED from [com.google.android.gms:play-services-oss-licenses:17.0.0] AndroidManifest.xml:23:9-25:57
	android:label
		ADDED from [com.google.android.gms:play-services-oss-licenses:17.0.0] AndroidManifest.xml:25:13-54
	android:theme
		ADDED from src\main\AndroidManifest.xml:62:13-63
	android:name
		ADDED from src\main\AndroidManifest.xml:61:13-87
activity#com.google.android.gms.oss.licenses.OssLicensesActivity
ADDED from src\main\AndroidManifest.xml:63:9-65:66
MERGED from [com.google.android.gms:play-services-oss-licenses:17.0.0] AndroidManifest.xml:26:9-92
MERGED from [com.google.android.gms:play-services-oss-licenses:17.0.0] AndroidManifest.xml:26:9-92
	android:theme
		ADDED from src\main\AndroidManifest.xml:65:13-63
	android:name
		ADDED from src\main\AndroidManifest.xml:64:13-83
activity#com.kieronquinn.app.taptap.activities.ActivityConfigTaskerEvent
ADDED from src\main\AndroidManifest.xml:66:9-74:20
	android:label
		ADDED from src\main\AndroidManifest.xml:70:13-56
	android:exported
		ADDED from src\main\AndroidManifest.xml:68:13-36
	android:icon
		ADDED from src\main\AndroidManifest.xml:69:13-47
	android:name
		ADDED from src\main\AndroidManifest.xml:67:13-65
intent-filter#action:name:net.dinglisch.android.tasker.ACTION_EDIT_EVENT
ADDED from src\main\AndroidManifest.xml:71:13-73:29
action#net.dinglisch.android.tasker.ACTION_EDIT_EVENT
ADDED from src\main\AndroidManifest.xml:72:17-89
	android:name
		ADDED from src\main\AndroidManifest.xml:72:25-86
activity#com.kieronquinn.app.taptap.activities.ReachabilityActivity
ADDED from src\main\AndroidManifest.xml:75:9-77:56
	android:theme
		ADDED from src\main\AndroidManifest.xml:77:13-53
	android:name
		ADDED from src\main\AndroidManifest.xml:76:13-60
uses-sdk
INJECTED from src\main\AndroidManifest.xml reason: use-sdk injection requested
INJECTED from src\main\AndroidManifest.xml
INJECTED from src\main\AndroidManifest.xml
MERGED from [androidx.navigation:navigation-fragment-ktx:2.3.0] AndroidManifest.xml:20:5-22:41
MERGED from [androidx.navigation:navigation-fragment-ktx:2.3.0] AndroidManifest.xml:20:5-22:41
MERGED from [androidx.fragment:fragment-ktx:1.3.0-alpha06] AndroidManifest.xml:20:5-22:41
MERGED from [androidx.fragment:fragment-ktx:1.3.0-alpha06] AndroidManifest.xml:20:5-22:41
MERGED from [androidx.navigation:navigation-ui-ktx:2.3.0] AndroidManifest.xml:20:5-22:41
MERGED from [androidx.navigation:navigation-ui-ktx:2.3.0] AndroidManifest.xml:20:5-22:41
MERGED from [androidx.navigation:navigation-runtime-ktx:2.3.0] AndroidManifest.xml:20:5-22:41
MERGED from [androidx.navigation:navigation-runtime-ktx:2.3.0] AndroidManifest.xml:20:5-22:41
MERGED from [androidx.activity:activity-ktx:1.2.0-alpha06] AndroidManifest.xml:20:5-22:41
MERGED from [androidx.activity:activity-ktx:1.2.0-alpha06] AndroidManifest.xml:20:5-22:41
MERGED from [androidx.navigation:navigation-common-ktx:2.3.0] AndroidManifest.xml:20:5-22:41
MERGED from [androidx.navigation:navigation-common-ktx:2.3.0] AndroidManifest.xml:20:5-22:41
MERGED from [androidx.core:core-ktx:1.3.0] AndroidManifest.xml:5:5-7:41
MERGED from [androidx.core:core-ktx:1.3.0] AndroidManifest.xml:5:5-7:41
MERGED from [dev.chrisbanes:insetter-ktx:0.3.0] AndroidManifest.xml:20:5-44
MERGED from [dev.chrisbanes:insetter-ktx:0.3.0] AndroidManifest.xml:20:5-44
MERGED from [com.joaomgcd:taskerpluginlibrary:0.3.2] AndroidManifest.xml:8:5-10:41
MERGED from [com.joaomgcd:taskerpluginlibrary:0.3.2] AndroidManifest.xml:8:5-10:41
MERGED from [androidx.lifecycle:lifecycle-livedata-core-ktx:2.3.0-alpha04] AndroidManifest.xml:20:5-22:41
MERGED from [androidx.lifecycle:lifecycle-livedata-core-ktx:2.3.0-alpha04] AndroidManifest.xml:20:5-22:41
MERGED from [androidx.lifecycle:lifecycle-viewmodel-ktx:2.3.0-alpha04] AndroidManifest.xml:20:5-22:41
MERGED from [androidx.lifecycle:lifecycle-viewmodel-ktx:2.3.0-alpha04] AndroidManifest.xml:20:5-22:41
MERGED from [androidx.lifecycle:lifecycle-runtime-ktx:2.3.0-alpha04] AndroidManifest.xml:20:5-22:41
MERGED from [androidx.lifecycle:lifecycle-runtime-ktx:2.3.0-alpha04] AndroidManifest.xml:20:5-22:41
MERGED from [androidx.navigation:navigation-ui:2.3.0] AndroidManifest.xml:20:5-22:41
MERGED from [androidx.navigation:navigation-ui:2.3.0] AndroidManifest.xml:20:5-22:41
MERGED from [com.google.android.material:material:1.2.0] AndroidManifest.xml:20:5-44
MERGED from [com.google.android.material:material:1.2.0] AndroidManifest.xml:20:5-44
MERGED from [androidx.preference:preference:1.1.1] AndroidManifest.xml:20:5-22:41
MERGED from [androidx.preference:preference:1.1.1] AndroidManifest.xml:20:5-22:41
MERGED from [com.google.android.gms:play-services-oss-licenses:17.0.0] AndroidManifest.xml:20:5-44
MERGED from [com.google.android.gms:play-services-oss-licenses:17.0.0] AndroidManifest.xml:20:5-44
MERGED from [androidx.appcompat:appcompat:1.1.0] AndroidManifest.xml:20:5-22:41
MERGED from [androidx.appcompat:appcompat:1.1.0] AndroidManifest.xml:20:5-22:41
MERGED from [androidx.constraintlayout:constraintlayout:1.1.3] AndroidManifest.xml:5:5-7:41
MERGED from [androidx.constraintlayout:constraintlayout:1.1.3] AndroidManifest.xml:5:5-7:41
MERGED from [androidx.legacy:legacy-support-v4:1.0.0] AndroidManifest.xml:20:5-44
MERGED from [androidx.legacy:legacy-support-v4:1.0.0] AndroidManifest.xml:20:5-44
MERGED from [androidx.legacy:legacy-support-core-ui:1.0.0] AndroidManifest.xml:20:5-44
MERGED from [androidx.legacy:legacy-support-core-ui:1.0.0] AndroidManifest.xml:20:5-44
MERGED from [androidx.swiperefreshlayout:swiperefreshlayout:1.0.0] AndroidManifest.xml:20:5-44
MERGED from [androidx.swiperefreshlayout:swiperefreshlayout:1.0.0] AndroidManifest.xml:20:5-44
MERGED from [com.github.topjohnwu.libsu:core:2.5.1] AndroidManifest.xml:5:5-7:41
MERGED from [com.github.topjohnwu.libsu:core:2.5.1] AndroidManifest.xml:5:5-7:41
MERGED from [com.squareup.picasso:picasso:2.71828] AndroidManifest.xml:5:5-44
MERGED from [com.squareup.picasso:picasso:2.71828] AndroidManifest.xml:5:5-44
MERGED from [androidx.browser:browser:1.2.0] AndroidManifest.xml:20:5-22:41
MERGED from [androidx.browser:browser:1.2.0] AndroidManifest.xml:20:5-22:41
MERGED from [org.tensorflow:tensorflow-lite:0.0.0-nightly] AndroidManifest.xml:7:5-8:41
MERGED from [org.tensorflow:tensorflow-lite:0.0.0-nightly] AndroidManifest.xml:7:5-8:41
MERGED from [androidx.appcompat:appcompat-resources:1.1.0] AndroidManifest.xml:20:5-22:41
MERGED from [androidx.appcompat:appcompat-resources:1.1.0] AndroidManifest.xml:20:5-22:41
MERGED from [androidx.navigation:navigation-fragment:2.3.0] AndroidManifest.xml:20:5-22:41
MERGED from [androidx.navigation:navigation-fragment:2.3.0] AndroidManifest.xml:20:5-22:41
MERGED from [androidx.viewpager2:viewpager2:1.0.0] AndroidManifest.xml:20:5-22:41
MERGED from [androidx.viewpager2:viewpager2:1.0.0] AndroidManifest.xml:20:5-22:41
MERGED from [com.google.android.gms:play-services-base:17.0.0] AndroidManifest.xml:20:5-44
MERGED from [com.google.android.gms:play-services-base:17.0.0] AndroidManifest.xml:20:5-44
MERGED from [com.google.android.gms:play-services-tasks:17.0.0] AndroidManifest.xml:5:5-44
MERGED from [com.google.android.gms:play-services-tasks:17.0.0] AndroidManifest.xml:5:5-44
MERGED from [com.google.android.gms:play-services-basement:17.0.0] AndroidManifest.xml:20:5-44
MERGED from [com.google.android.gms:play-services-basement:17.0.0] AndroidManifest.xml:20:5-44
MERGED from [androidx.fragment:fragment:1.3.0-alpha06] AndroidManifest.xml:20:5-22:41
MERGED from [androidx.fragment:fragment:1.3.0-alpha06] AndroidManifest.xml:20:5-22:41
MERGED from [androidx.media:media:1.0.0] AndroidManifest.xml:20:5-44
MERGED from [androidx.media:media:1.0.0] AndroidManifest.xml:20:5-44
MERGED from [androidx.legacy:legacy-support-core-utils:1.0.0] AndroidManifest.xml:20:5-44
MERGED from [androidx.legacy:legacy-support-core-utils:1.0.0] AndroidManifest.xml:20:5-44
MERGED from [androidx.coordinatorlayout:coordinatorlayout:1.1.0] AndroidManifest.xml:20:5-22:41
MERGED from [androidx.coordinatorlayout:coordinatorlayout:1.1.0] AndroidManifest.xml:20:5-22:41
MERGED from [androidx.vectordrawable:vectordrawable-animated:1.1.0] AndroidManifest.xml:20:5-22:41
MERGED from [androidx.vectordrawable:vectordrawable-animated:1.1.0] AndroidManifest.xml:20:5-22:41
MERGED from [androidx.vectordrawable:vectordrawable:1.1.0] AndroidManifest.xml:20:5-22:41
MERGED from [androidx.vectordrawable:vectordrawable:1.1.0] AndroidManifest.xml:20:5-22:41
MERGED from [dev.chrisbanes:insetter:0.3.0] AndroidManifest.xml:20:5-44
MERGED from [dev.chrisbanes:insetter:0.3.0] AndroidManifest.xml:20:5-44
MERGED from [androidx.loader:loader:1.0.0] AndroidManifest.xml:20:5-44
MERGED from [androidx.loader:loader:1.0.0] AndroidManifest.xml:20:5-44
MERGED from [androidx.viewpager:viewpager:1.0.0] AndroidManifest.xml:20:5-44
MERGED from [androidx.viewpager:viewpager:1.0.0] AndroidManifest.xml:20:5-44
MERGED from [androidx.navigation:navigation-runtime:2.3.0] AndroidManifest.xml:20:5-22:41
MERGED from [androidx.navigation:navigation-runtime:2.3.0] AndroidManifest.xml:20:5-22:41
MERGED from [androidx.activity:activity:1.2.0-alpha06] AndroidManifest.xml:20:5-22:41
MERGED from [androidx.activity:activity:1.2.0-alpha06] AndroidManifest.xml:20:5-22:41
MERGED from [androidx.slidingpanelayout:slidingpanelayout:1.0.0] AndroidManifest.xml:20:5-44
MERGED from [androidx.slidingpanelayout:slidingpanelayout:1.0.0] AndroidManifest.xml:20:5-44
MERGED from [androidx.asynclayoutinflater:asynclayoutinflater:1.0.0] AndroidManifest.xml:20:5-44
MERGED from [androidx.asynclayoutinflater:asynclayoutinflater:1.0.0] AndroidManifest.xml:20:5-44
MERGED from [androidx.drawerlayout:drawerlayout:1.1.0] AndroidManifest.xml:20:5-22:41
MERGED from [androidx.drawerlayout:drawerlayout:1.1.0] AndroidManifest.xml:20:5-22:41
MERGED from [androidx.recyclerview:recyclerview:1.1.0] AndroidManifest.xml:20:5-22:41
MERGED from [androidx.recyclerview:recyclerview:1.1.0] AndroidManifest.xml:20:5-22:41
MERGED from [androidx.customview:customview:1.1.0] AndroidManifest.xml:20:5-22:41
MERGED from [androidx.customview:customview:1.1.0] AndroidManifest.xml:20:5-22:41
MERGED from [androidx.transition:transition:1.3.0] AndroidManifest.xml:20:5-22:41
MERGED from [androidx.transition:transition:1.3.0] AndroidManifest.xml:20:5-22:41
MERGED from [androidx.navigation:navigation-common:2.3.0] AndroidManifest.xml:20:5-22:41
MERGED from [androidx.navigation:navigation-common:2.3.0] AndroidManifest.xml:20:5-22:41
MERGED from [androidx.core:core:1.3.0] AndroidManifest.xml:20:5-22:41
MERGED from [androidx.core:core:1.3.0] AndroidManifest.xml:20:5-22:41
MERGED from [androidx.cursoradapter:cursoradapter:1.0.0] AndroidManifest.xml:20:5-44
MERGED from [androidx.cursoradapter:cursoradapter:1.0.0] AndroidManifest.xml:20:5-44
MERGED from [androidx.interpolator:interpolator:1.0.0] AndroidManifest.xml:20:5-44
MERGED from [androidx.interpolator:interpolator:1.0.0] AndroidManifest.xml:20:5-44
MERGED from [androidx.cardview:cardview:1.0.0] AndroidManifest.xml:20:5-44
MERGED from [androidx.cardview:cardview:1.0.0] AndroidManifest.xml:20:5-44
MERGED from [androidx.exifinterface:exifinterface:1.0.0] AndroidManifest.xml:20:5-44
MERGED from [androidx.exifinterface:exifinterface:1.0.0] AndroidManifest.xml:20:5-44
MERGED from [androidx.versionedparcelable:versionedparcelable:1.1.0] AndroidManifest.xml:20:5-22:41
MERGED from [androidx.versionedparcelable:versionedparcelable:1.1.0] AndroidManifest.xml:20:5-22:41
MERGED from [androidx.lifecycle:lifecycle-viewmodel-savedstate:2.3.0-alpha04] AndroidManifest.xml:20:5-22:41
MERGED from [androidx.lifecycle:lifecycle-viewmodel-savedstate:2.3.0-alpha04] AndroidManifest.xml:20:5-22:41
MERGED from [androidx.lifecycle:lifecycle-viewmodel:2.3.0-alpha04] AndroidManifest.xml:20:5-22:41
MERGED from [androidx.lifecycle:lifecycle-viewmodel:2.3.0-alpha04] AndroidManifest.xml:20:5-22:41
MERGED from [androidx.savedstate:savedstate:1.1.0-alpha01] AndroidManifest.xml:20:5-22:41
MERGED from [androidx.savedstate:savedstate:1.1.0-alpha01] AndroidManifest.xml:20:5-22:41
MERGED from [androidx.documentfile:documentfile:1.0.0] AndroidManifest.xml:20:5-44
MERGED from [androidx.documentfile:documentfile:1.0.0] AndroidManifest.xml:20:5-44
MERGED from [androidx.localbroadcastmanager:localbroadcastmanager:1.0.0] AndroidManifest.xml:20:5-44
MERGED from [androidx.localbroadcastmanager:localbroadcastmanager:1.0.0] AndroidManifest.xml:20:5-44
MERGED from [androidx.print:print:1.0.0] AndroidManifest.xml:20:5-44
MERGED from [androidx.print:print:1.0.0] AndroidManifest.xml:20:5-44
MERGED from [androidx.lifecycle:lifecycle-runtime:2.3.0-alpha04] AndroidManifest.xml:20:5-22:41
MERGED from [androidx.lifecycle:lifecycle-runtime:2.3.0-alpha04] AndroidManifest.xml:20:5-22:41
MERGED from [androidx.lifecycle:lifecycle-livedata:2.0.0] AndroidManifest.xml:20:5-44
MERGED from [androidx.lifecycle:lifecycle-livedata:2.0.0] AndroidManifest.xml:20:5-44
MERGED from [androidx.lifecycle:lifecycle-livedata-core:2.3.0-alpha04] AndroidManifest.xml:20:5-22:41
MERGED from [androidx.lifecycle:lifecycle-livedata-core:2.3.0-alpha04] AndroidManifest.xml:20:5-22:41
MERGED from [androidx.arch.core:core-runtime:2.1.0] AndroidManifest.xml:20:5-22:41
MERGED from [androidx.arch.core:core-runtime:2.1.0] AndroidManifest.xml:20:5-22:41
MERGED from [androidx.annotation:annotation-experimental:1.0.0] AndroidManifest.xml:20:5-22:41
MERGED from [androidx.annotation:annotation-experimental:1.0.0] AndroidManifest.xml:20:5-22:41
INJECTED from src\main\AndroidManifest.xml
INJECTED from src\main\AndroidManifest.xml
	android:targetSdkVersion
		INJECTED from src\main\AndroidManifest.xml
		ADDED from src\main\AndroidManifest.xml
		INJECTED from src\main\AndroidManifest.xml
	android:minSdkVersion
		INJECTED from src\main\AndroidManifest.xml
		ADDED from src\main\AndroidManifest.xml
		MERGED from src\main\AndroidManifest.xml
		INJECTED from src\main\AndroidManifest.xml
receiver#com.joaomgcd.taskerpluginlibrary.action.BroadcastReceiverAction
ADDED from [com.joaomgcd:taskerpluginlibrary:0.3.2] AndroidManifest.xml:13:9-20:20
	android:exported
		ADDED from [com.joaomgcd:taskerpluginlibrary:0.3.2] AndroidManifest.xml:15:13-36
	tools:ignore
		ADDED from [com.joaomgcd:taskerpluginlibrary:0.3.2] AndroidManifest.xml:16:13-44
	android:name
		ADDED from [com.joaomgcd:taskerpluginlibrary:0.3.2] AndroidManifest.xml:14:13-91
intent-filter#action:name:com.twofortyfouram.locale.intent.action.FIRE_SETTING
ADDED from [com.joaomgcd:taskerpluginlibrary:0.3.2] AndroidManifest.xml:17:13-19:29
action#com.twofortyfouram.locale.intent.action.FIRE_SETTING
ADDED from [com.joaomgcd:taskerpluginlibrary:0.3.2] AndroidManifest.xml:18:17-95
	android:name
		ADDED from [com.joaomgcd:taskerpluginlibrary:0.3.2] AndroidManifest.xml:18:25-92
service#com.joaomgcd.taskerpluginlibrary.action.IntentServiceAction
ADDED from [com.joaomgcd:taskerpluginlibrary:0.3.2] AndroidManifest.xml:22:9-29:19
	android:exported
		ADDED from [com.joaomgcd:taskerpluginlibrary:0.3.2] AndroidManifest.xml:24:13-36
	tools:ignore
		ADDED from [com.joaomgcd:taskerpluginlibrary:0.3.2] AndroidManifest.xml:25:13-43
	android:name
		ADDED from [com.joaomgcd:taskerpluginlibrary:0.3.2] AndroidManifest.xml:23:13-87
service#com.joaomgcd.taskerpluginlibrary.condition.IntentServiceCondition
ADDED from [com.joaomgcd:taskerpluginlibrary:0.3.2] AndroidManifest.xml:30:9-37:19
	android:exported
		ADDED from [com.joaomgcd:taskerpluginlibrary:0.3.2] AndroidManifest.xml:32:13-36
	tools:ignore